2019-11-14 09:40:06 Start reading data from Fierer2010_Subject.3.csv
2019-11-14 09:40:06 Finish loading data from Fierer2010_Subject.3.csv, dimension is (104, 1217), 
 			 label counts Counter({'Subject1': 40, 'Subject2': 33, 'Subject3': 31})
2019-11-14 09:40:08 Filtered the features with max within_class prevalence lower than 0.2, dimension is (104, 298)
2019-11-14 09:40:13 Selected 50 features using mrmr
2019-11-14 09:40:13 Dataset shape Counter({0: 40, 1: 33, 2: 31}) before over sampling
2019-11-14 09:40:13 Over sampled dataset with SMOTE, shape Counter({0: 40, 1: 40, 2: 40})
2019-11-14 09:40:13 Select the best tree-based classifiers: ['DecisionTreeClassifier', 'BaggingClassifier', 'GradientBoostingClassifier', 'AdaBoostClassifier', 'RandomForestClassifier', 'ExtraTreesClassifier', 'XGBClassifier', 'LGBMClassifier'] 
 			 and combination of scalers: ['Non', 'Binarizer', 'MinMaxScaler', 'MaxAbsScaler', 'StandardScaler', 'RobustScaler', 'PowerTransformer_YeoJohnson', 'QuantileTransformer_Normal', 'QuantileTransformer_Uniform', 'Normalizer', 'Log1p'] 
 			 and classifiers: ['KNeighborsClassifier', 'GaussianNB', 'LogisticRegression', 'LinearSVC', 'SGDClassifier'] 
 			 Tune each classifier with GridSearchCV
2019-11-14 09:46:21 RandomForestClassifier hypertuned, Accuracy:1.00, Best Param:{'clf': RandomForestClassifier(bootstrap=True, class_weight=None, criterion='gini',
                       max_depth=4, max_features='auto', max_leaf_nodes=None,
                       min_impurity_decrease=0.0, min_impurity_split=None,
                       min_samples_leaf=1, min_samples_split=2,
                       min_weight_fraction_leaf=0.0, n_estimators=500,
                       n_jobs=None, oob_score=False, random_state=0, verbose=0,
                       warm_start=False), 'clf__max_depth': 4, 'scl': NonScaler()}
2019-11-14 09:46:22 Using categorical units to plot a list of strings that are all parsable as floats or dates. If these strings should be plotted as numbers, cast to the appropriate data type before plotting.
2019-11-14 09:46:22 Using categorical units to plot a list of strings that are all parsable as floats or dates. If these strings should be plotted as numbers, cast to the appropriate data type before plotting.
2019-11-14 09:46:23 Pipeline is finished
2019-11-14 09:46:23 sklearn pipeline finished, total time cost: 376.5 s
