2019-11-14 13:26:32 Start reading data from Yang2010_EsophagitisPDX.4.csv
2019-11-14 13:26:32 Finish loading data from Yang2010_EsophagitisPDX.4.csv, dimension is (200, 74018), 
 			 label counts Counter({"Barrett's Esophagus": 84, 'Esophageal Adenocarcinoma': 52, 'Reflux Esophagitis': 36, 'Normal': 28})
2019-11-14 13:28:12 Filtered the features with max within_class prevalence lower than 0.2, dimension is (200, 3885)
2019-11-14 13:30:38 Selected 50 features using mrmr
2019-11-14 13:30:38 Dataset shape Counter({0: 84, 1: 52, 3: 36, 2: 28}) before over sampling
2019-11-14 13:30:38 Over sampled dataset with SMOTE, shape Counter({1: 84, 0: 84, 3: 84, 2: 84})
2019-11-14 13:30:38 Select the best tree-based classifiers: ['DecisionTreeClassifier', 'BaggingClassifier', 'GradientBoostingClassifier', 'AdaBoostClassifier', 'RandomForestClassifier', 'ExtraTreesClassifier', 'XGBClassifier', 'LGBMClassifier'] 
 			 and combination of scalers: ['Non', 'Binarizer', 'MinMaxScaler', 'MaxAbsScaler', 'StandardScaler', 'RobustScaler', 'PowerTransformer_YeoJohnson', 'QuantileTransformer_Normal', 'QuantileTransformer_Uniform', 'Normalizer', 'Log1p'] 
 			 and classifiers: ['KNeighborsClassifier', 'GaussianNB', 'LogisticRegression', 'LinearSVC', 'SGDClassifier'] 
 			 Tune each classifier with GridSearchCV
2019-11-14 13:41:44 Best optimized classifier: RandomForestClassifier , Accuracy:0.73, Best Param:{'clf': RandomForestClassifier(bootstrap=True, class_weight=None, criterion='gini',
                       max_depth=32, max_features='auto', max_leaf_nodes=None,
                       min_impurity_decrease=0.0, min_impurity_split=None,
                       min_samples_leaf=1, min_samples_split=2,
                       min_weight_fraction_leaf=0.0, n_estimators=500,
                       n_jobs=None, oob_score=False, random_state=0, verbose=0,
                       warm_start=False), 'clf__max_depth': 32, 'scl': NonScaler()}
2019-11-14 13:41:46 Using categorical units to plot a list of strings that are all parsable as floats or dates. If these strings should be plotted as numbers, cast to the appropriate data type before plotting.
2019-11-14 13:41:46 Using categorical units to plot a list of strings that are all parsable as floats or dates. If these strings should be plotted as numbers, cast to the appropriate data type before plotting.
2019-11-14 13:41:46 Pipeline is finished
2019-11-14 13:41:46 sklearn pipeline finished, total time cost: 945.0 s
